<?xml version="1.0" encoding="UTF-8"?>
<!-- Generated by org.testng.reporters.JUnitXMLReporter -->
<testsuite ignored="0" hostname="DESKTOP-T269HJN" failures="0" tests="4" name="CheckBoxesTest" time="27.534" errors="0" timestamp="2021-07-01T21:43:29 MSK">
  <testcase classname="com.herokuapp.theinternet.checkboxespagetests.CheckBoxesTests" name="selectingTwoCheckboxesTest" time="14.674"/>
  <testcase classname="com.herokuapp.theinternet.loginpagetests.PositiveLogInTests" name="logInTest" time="20.558"/>
  <testcase classname="com.herokuapp.theinternet.loginpagetests.NegativeLogInTests" name="negativeTest" time="20.359"/>
  <testcase classname="com.herokuapp.theinternet.loginpagetests.NegativeLogInTests" name="negativeTest" time="21.759"/>
</testsuite> <!-- CheckBoxesTest -->
