<?xml version="1.0" encoding="UTF-8"?>
<!-- Generated by org.testng.reporters.JUnitXMLReporter -->
<testsuite ignored="0" hostname="DESKTOP-T269HJN" failures="0" tests="2" name="NegativePasswordTest-FF" time="43.658" errors="0" timestamp="2021-07-01T21:43:45 MSK">
  <testcase classname="com.herokuapp.theinternet.loginpagetests.NegativeLogInTests" name="negativeTest" time="21.466"/>
  <testcase classname="com.herokuapp.theinternet.loginpagetests.NegativeLogInTests" name="negativeTest" time="25.805"/>
</testsuite> <!-- NegativePasswordTest-FF -->
