<?xml version="1.0" encoding="UTF-8"?>
<!-- Generated by org.testng.reporters.JUnitXMLReporter -->
<testsuite ignored="0" hostname="DESKTOP-T269HJN" failures="0" tests="10" name="AlertTestWithFirefox" time="117.443" errors="0" timestamp="2021-07-06T17:12:51 MSK">
  <testcase classname="com.herokuapp.theinternet.alertstests.AlertsTests" name="jSAlertTest" time="5.005"/>
  <testcase classname="com.herokuapp.theinternet.alertstests.AlertsTests" name="jSConfirmButtonAceptTest" time="4.445"/>
  <testcase classname="com.herokuapp.theinternet.alertstests.AlertsTests" name="jSAlertTest" time="5.534"/>
  <testcase classname="com.herokuapp.theinternet.alertstests.AlertsTests" name="jSConfirmButtonCancelTest" time="6.944"/>
  <testcase classname="com.herokuapp.theinternet.alertstests.AlertsTests" name="jSPromptAceptButtonTest" time="3.559"/>
  <testcase classname="com.herokuapp.theinternet.alertstests.AlertsTests" name="jSPromptCancelButtonTest" time="5.4"/>
  <testcase classname="com.herokuapp.theinternet.alertstests.AlertsTests" name="jSConfirmButtonAceptTest" time="6.547"/>
  <testcase classname="com.herokuapp.theinternet.alertstests.AlertsTests" name="jSConfirmButtonCancelTest" time="3.486"/>
  <testcase classname="com.herokuapp.theinternet.alertstests.AlertsTests" name="jSPromptAceptButtonTest" time="4.151"/>
  <testcase classname="com.herokuapp.theinternet.alertstests.AlertsTests" name="jSPromptCancelButtonTest" time="4.378"/>
</testsuite> <!-- AlertTestWithFirefox -->
