<?xml version="1.0" encoding="UTF-8"?>
<!-- Generated by org.testng.reporters.JUnitXMLReporter -->
<testsuite ignored="0" hostname="DESKTOP-T269HJN" failures="0" tests="5" name="AlertTestWithChrome" time="29.471" errors="0" timestamp="2021-07-06T10:12:17 MSK">
  <testcase classname="com.herokuapp.theinternet.alertstests.AlertsTests" name="jSAlertTest" time="6.268"/>
  <testcase classname="com.herokuapp.theinternet.alertstests.AlertsTests" name="jSConfirmButtonAceptTest" time="2.944"/>
  <testcase classname="com.herokuapp.theinternet.alertstests.AlertsTests" name="jSConfirmButtonCancelTest" time="2.888"/>
  <testcase classname="com.herokuapp.theinternet.alertstests.AlertsTests" name="jSPromptAceptButtonTest" time="4.066"/>
  <testcase classname="com.herokuapp.theinternet.alertstests.AlertsTests" name="jSPromptCancelButtonTest" time="2.885"/>
</testsuite> <!-- AlertTestWithChrome -->
