<?xml version="1.0" encoding="UTF-8"?>
<!-- Generated by org.testng.reporters.JUnitXMLReporter -->
<testsuite ignored="0" hostname="DESKTOP-T269HJN" failures="0" tests="5" name="AlertTest" time="33.962" errors="0" timestamp="2021-07-05T18:37:47 MSK">
  <testcase classname="com.herokuapp.theinternet.alertstests.AlertsTests" name="jSAlertTest" time="4.302"/>
  <testcase classname="com.herokuapp.theinternet.alertstests.AlertsTests" name="jSConfirmButtonAceptTest" time="4.566"/>
  <testcase classname="com.herokuapp.theinternet.alertstests.AlertsTests" name="jSConfirmButtonCancelTest" time="3.625"/>
  <testcase classname="com.herokuapp.theinternet.alertstests.AlertsTests" name="jSPromptAceptButtonTest" time="4.792"/>
  <testcase classname="com.herokuapp.theinternet.alertstests.AlertsTests" name="jSPromptCancelButtonTest" time="4.4"/>
</testsuite> <!-- AlertTest -->
