<?xml version="1.0" encoding="UTF-8"?>
<testng-results ignored="0" total="1" passed="1" failed="0" skipped="0">
  <reporter-output>
  </reporter-output>
  <suite started-at="2021-07-12T11:28:07 MSK" name="EditorTestSuite" finished-at="2021-07-12T11:28:32 MSK" duration-ms="24266">
    <groups>
    </groups>
    <test started-at="2021-07-12T11:28:07 MSK" name="EditorTest" finished-at="2021-07-12T11:28:32 MSK" duration-ms="24266">
      <class name="com.herokuapp.theinternet.editortests.EditorTests">
        <test-method is-config="true" signature="setUp(java.lang.String, org.testng.ITestContext)[pri:0, instance:com.herokuapp.theinternet.editortests.EditorTests@568ff82]" started-at="2021-07-12T11:28:07 MSK" name="setUp" finished-at="2021-07-12T11:28:14 MSK" duration-ms="6156" status="PASS">
          <params>
            <param index="0">
              <value>
                <![CDATA[chrome]]>
              </value>
            </param>
            <param index="1">
              <value>
                <![CDATA[org.testng.TestRunner@6ae7deac]]>
              </value>
            </param>
          </params>
          <reporter-output>
          </reporter-output>
        </test-method> <!-- setUp -->
        <test-method signature="defaultEditorValueTest()[pri:0, instance:com.herokuapp.theinternet.editortests.EditorTests@568ff82]" started-at="2021-07-12T11:28:14 MSK" name="defaultEditorValueTest" finished-at="2021-07-12T11:28:31 MSK" duration-ms="16904" status="PASS">
          <reporter-output>
          </reporter-output>
        </test-method> <!-- defaultEditorValueTest -->
        <test-method is-config="true" signature="tearDown()[pri:0, instance:com.herokuapp.theinternet.editortests.EditorTests@568ff82]" started-at="2021-07-12T11:28:31 MSK" name="tearDown" finished-at="2021-07-12T11:28:32 MSK" duration-ms="1151" status="PASS">
          <reporter-output>
          </reporter-output>
        </test-method> <!-- tearDown -->
      </class> <!-- com.herokuapp.theinternet.editortests.EditorTests -->
    </test> <!-- EditorTest -->
  </suite> <!-- EditorTestSuite -->
</testng-results>
