<?xml version="1.0" encoding="UTF-8"?>
<!-- Generated by org.testng.reporters.JUnitXMLReporter -->
<testsuite ignored="0" hostname="DESKTOP-T269HJN" failures="0" tests="2" name="NegativePasswordTest-FF" time="38.684" errors="0" timestamp="2021-06-30T20:51:30 MSK">
  <testcase classname="com.herokuapp.theinternet.loginpagetests.NegativeLogInTests" name="negativeTest" time="19.367"/>
  <testcase classname="com.herokuapp.theinternet.loginpagetests.NegativeLogInTests" name="negativeTest" time="20.86"/>
</testsuite> <!-- NegativePasswordTest-FF -->
